{"C:\\Users\\prosh\\college\\Advanced_Topics_in_Web_Applications\\projects\\src\\server.ts": {"path":"C:\\Users\\prosh\\college\\Advanced_Topics_in_Web_Applications\\projects\\src\\server.ts","statementMap":{"0":{"start":{"line":1,"column":0},"end":{"line":1,"column":43}},"1":{"start":{"line":2,"column":12},"end":{"line":2,"column":21}},"2":{"start":{"line":3,"column":0},"end":{"line":3,"column":28}},"3":{"start":{"line":4,"column":0},"end":{"line":4,"column":16}},"4":{"start":{"line":5,"column":0},"end":{"line":5,"column":32}},"5":{"start":{"line":6,"column":0},"end":{"line":6,"column":43}},"6":{"start":{"line":7,"column":0},"end":{"line":7,"column":41}},"7":{"start":{"line":8,"column":0},"end":{"line":8,"column":37}},"8":{"start":{"line":9,"column":0},"end":{"line":9,"column":49}},"9":{"start":{"line":10,"column":0},"end":{"line":10,"column":47}},"10":{"start":{"line":11,"column":0},"end":{"line":11,"column":55}},"11":{"start":{"line":12,"column":0},"end":{"line":12,"column":49}},"12":{"start":{"line":14,"column":0},"end":{"line":14,"column":27}},"13":{"start":{"line":15,"column":0},"end":{"line":15,"column":51}},"14":{"start":{"line":16,"column":0},"end":{"line":16,"column":30}},"15":{"start":{"line":17,"column":0},"end":{"line":17,"column":32}},"16":{"start":{"line":18,"column":0},"end":{"line":18,"column":38}},"17":{"start":{"line":19,"column":0},"end":{"line":19,"column":32}},"18":{"start":{"line":20,"column":16},"end":{"line":31,"column":2}},"19":{"start":{"line":32,"column":14},"end":{"line":32,"column":35}},"20":{"start":{"line":33,"column":0},"end":{"line":33,"column":62}},"21":{"start":{"line":35,"column":16},"end":{"line":56,"column":1}},"22":{"start":{"line":36,"column":2},"end":{"line":55,"column":5}},"23":{"start":{"line":37,"column":15},"end":{"line":37,"column":34}},"24":{"start":{"line":38,"column":4},"end":{"line":38,"column":52}},"25":{"start":{"line":38,"column":30},"end":{"line":38,"column":50}},"26":{"start":{"line":39,"column":4},"end":{"line":39,"column":64}},"27":{"start":{"line":39,"column":26},"end":{"line":39,"column":62}},"28":{"start":{"line":40,"column":4},"end":{"line":54,"column":5}},"29":{"start":{"line":41,"column":6},"end":{"line":41,"column":50}},"30":{"start":{"line":42,"column":6},"end":{"line":42,"column":43}},"31":{"start":{"line":44,"column":6},"end":{"line":53,"column":11}},"32":{"start":{"line":47,"column":10},"end":{"line":47,"column":44}},"33":{"start":{"line":48,"column":10},"end":{"line":48,"column":23}},"34":{"start":{"line":51,"column":10},"end":{"line":51,"column":61}},"35":{"start":{"line":52,"column":10},"end":{"line":52,"column":24}},"36":{"start":{"line":57,"column":0},"end":{"line":57,"column":23}}},"fnMap":{"0":{"name":"(anonymous_1)","decl":{"start":{"line":35,"column":16},"end":{"line":35,"column":37}},"loc":{"start":{"line":35,"column":39},"end":{"line":56,"column":1}}},"1":{"name":"(anonymous_2)","decl":{"start":{"line":36,"column":30},"end":{"line":36,"column":31}},"loc":{"start":{"line":36,"column":50},"end":{"line":55,"column":3}}},"2":{"name":"(anonymous_3)","decl":{"start":{"line":38,"column":19},"end":{"line":38,"column":20}},"loc":{"start":{"line":38,"column":30},"end":{"line":38,"column":50}}},"3":{"name":"(anonymous_4)","decl":{"start":{"line":39,"column":20},"end":{"line":39,"column":23}},"loc":{"start":{"line":39,"column":26},"end":{"line":39,"column":62}}},"4":{"name":"(anonymous_5)","decl":{"start":{"line":46,"column":14},"end":{"line":46,"column":17}},"loc":{"start":{"line":46,"column":19},"end":{"line":49,"column":9}}},"5":{"name":"(anonymous_6)","decl":{"start":{"line":50,"column":15},"end":{"line":50,"column":16}},"loc":{"start":{"line":50,"column":25},"end":{"line":53,"column":9}}}},"branchMap":{"0":{"loc":{"start":{"line":40,"column":4},"end":{"line":54,"column":5}},"type":"if","locations":[{"start":{"line":40,"column":4},"end":{"line":54,"column":5}},{"start":{"line":43,"column":11},"end":{"line":54,"column":5}}]}},"s":{"0":4,"1":4,"2":4,"3":4,"4":4,"5":4,"6":4,"7":4,"8":4,"9":4,"10":4,"11":4,"12":4,"13":4,"14":4,"15":4,"16":4,"17":4,"18":4,"19":4,"20":4,"21":4,"22":4,"23":4,"24":4,"25":0,"26":4,"27":4,"28":4,"29":0,"30":0,"31":4,"32":4,"33":4,"34":0,"35":0,"36":4},"f":{"0":4,"1":4,"2":0,"3":4,"4":4,"5":0},"b":{"0":[0,4]}}
,"C:\\Users\\prosh\\college\\Advanced_Topics_in_Web_Applications\\projects\\src\\controllers\\auth_controller.ts": {"path":"C:\\Users\\prosh\\college\\Advanced_Topics_in_Web_Applications\\projects\\src\\controllers\\auth_controller.ts","statementMap":{"0":{"start":{"line":2,"column":0},"end":{"line":2,"column":41}},"1":{"start":{"line":3,"column":0},"end":{"line":3,"column":29}},"2":{"start":{"line":4,"column":0},"end":{"line":4,"column":31}},"3":{"start":{"line":8,"column":17},"end":{"line":50,"column":2}},"4":{"start":{"line":8,"column":55},"end":{"line":50,"column":2}},"5":{"start":{"line":9,"column":2},"end":{"line":49,"column":3}},"6":{"start":{"line":10,"column":22},"end":{"line":10,"column":30}},"7":{"start":{"line":12,"column":27},"end":{"line":12,"column":78}},"8":{"start":{"line":13,"column":4},"end":{"line":17,"column":5}},"9":{"start":{"line":14,"column":6},"end":{"line":16,"column":7}},"10":{"start":{"line":15,"column":8},"end":{"line":15,"column":48}},"11":{"start":{"line":20,"column":25},"end":{"line":20,"column":77}},"12":{"start":{"line":21,"column":4},"end":{"line":23,"column":5}},"13":{"start":{"line":22,"column":6},"end":{"line":22,"column":49}},"14":{"start":{"line":26,"column":26},"end":{"line":26,"column":72}},"15":{"start":{"line":27,"column":4},"end":{"line":29,"column":5}},"16":{"start":{"line":28,"column":6},"end":{"line":28,"column":46}},"17":{"start":{"line":32,"column":17},"end":{"line":32,"column":42}},"18":{"start":{"line":33,"column":4},"end":{"line":33,"column":70}},"19":{"start":{"line":34,"column":20},"end":{"line":34,"column":48}},"20":{"start":{"line":35,"column":4},"end":{"line":44,"column":7}},"21":{"start":{"line":45,"column":4},"end":{"line":45,"column":11}},"22":{"start":{"line":47,"column":4},"end":{"line":47,"column":70}},"23":{"start":{"line":48,"column":4},"end":{"line":48,"column":11}},"24":{"start":{"line":51,"column":14},"end":{"line":105,"column":2}},"25":{"start":{"line":51,"column":52},"end":{"line":105,"column":2}},"26":{"start":{"line":52,"column":2},"end":{"line":104,"column":3}},"27":{"start":{"line":54,"column":35},"end":{"line":54,"column":43}},"28":{"start":{"line":55,"column":4},"end":{"line":56,"column":60}},"29":{"start":{"line":56,"column":6},"end":{"line":56,"column":60}},"30":{"start":{"line":59,"column":17},"end":{"line":59,"column":59}},"31":{"start":{"line":60,"column":4},"end":{"line":62,"column":5}},"32":{"start":{"line":61,"column":6},"end":{"line":61,"column":59}},"33":{"start":{"line":65,"column":26},"end":{"line":65,"column":72}},"34":{"start":{"line":66,"column":4},"end":{"line":68,"column":5}},"35":{"start":{"line":67,"column":6},"end":{"line":67,"column":55}},"36":{"start":{"line":71,"column":18},"end":{"line":71,"column":53}},"37":{"start":{"line":72,"column":24},"end":{"line":75,"column":null}},"38":{"start":{"line":79,"column":18},"end":{"line":79,"column":53}},"39":{"start":{"line":80,"column":25},"end":{"line":83,"column":null}},"40":{"start":{"line":87,"column":4},"end":{"line":87,"column":53}},"41":{"start":{"line":87,"column":29},"end":{"line":87,"column":53}},"42":{"start":{"line":88,"column":4},"end":{"line":88,"column":42}},"43":{"start":{"line":89,"column":4},"end":{"line":89,"column":22}},"44":{"start":{"line":91,"column":4},"end":{"line":99,"column":7}},"45":{"start":{"line":100,"column":4},"end":{"line":100,"column":11}},"46":{"start":{"line":102,"column":4},"end":{"line":102,"column":70}},"47":{"start":{"line":103,"column":4},"end":{"line":103,"column":11}},"48":{"start":{"line":107,"column":15},"end":{"line":156,"column":2}},"49":{"start":{"line":107,"column":53},"end":{"line":156,"column":2}},"50":{"start":{"line":108,"column":22},"end":{"line":108,"column":50}},"51":{"start":{"line":109,"column":16},"end":{"line":109,"column":56}},"52":{"start":{"line":110,"column":2},"end":{"line":113,"column":3}},"53":{"start":{"line":111,"column":4},"end":{"line":111,"column":72}},"54":{"start":{"line":112,"column":4},"end":{"line":112,"column":11}},"55":{"start":{"line":115,"column":2},"end":{"line":121,"column":3}},"56":{"start":{"line":116,"column":4},"end":{"line":119,"column":7}},"57":{"start":{"line":120,"column":4},"end":{"line":120,"column":11}},"58":{"start":{"line":122,"column":2},"end":{"line":155,"column":5}},"59":{"start":{"line":122,"column":78},"end":{"line":155,"column":4}},"60":{"start":{"line":123,"column":4},"end":{"line":126,"column":5}},"61":{"start":{"line":124,"column":6},"end":{"line":124,"column":73}},"62":{"start":{"line":125,"column":6},"end":{"line":125,"column":13}},"63":{"start":{"line":127,"column":4},"end":{"line":154,"column":5}},"64":{"start":{"line":129,"column":19},"end":{"line":129,"column":51}},"65":{"start":{"line":130,"column":6},"end":{"line":133,"column":7}},"66":{"start":{"line":131,"column":8},"end":{"line":131,"column":77}},"67":{"start":{"line":132,"column":8},"end":{"line":132,"column":15}},"68":{"start":{"line":136,"column":6},"end":{"line":142,"column":7}},"69":{"start":{"line":137,"column":8},"end":{"line":137,"column":32}},"70":{"start":{"line":138,"column":8},"end":{"line":138,"column":26}},"71":{"start":{"line":139,"column":8},"end":{"line":141,"column":62}},"72":{"start":{"line":145,"column":6},"end":{"line":145,"column":73}},"73":{"start":{"line":145,"column":60},"end":{"line":145,"column":71}},"74":{"start":{"line":146,"column":6},"end":{"line":146,"column":24}},"75":{"start":{"line":148,"column":6},"end":{"line":150,"column":73}},"76":{"start":{"line":152,"column":6},"end":{"line":152,"column":72}},"77":{"start":{"line":153,"column":6},"end":{"line":153,"column":13}},"78":{"start":{"line":158,"column":16},"end":{"line":229,"column":2}},"79":{"start":{"line":158,"column":54},"end":{"line":229,"column":2}},"80":{"start":{"line":159,"column":22},"end":{"line":159,"column":50}},"81":{"start":{"line":160,"column":16},"end":{"line":160,"column":56}},"82":{"start":{"line":161,"column":2},"end":{"line":164,"column":3}},"83":{"start":{"line":162,"column":4},"end":{"line":162,"column":72}},"84":{"start":{"line":163,"column":4},"end":{"line":163,"column":11}},"85":{"start":{"line":165,"column":2},"end":{"line":171,"column":3}},"86":{"start":{"line":166,"column":4},"end":{"line":169,"column":7}},"87":{"start":{"line":170,"column":4},"end":{"line":170,"column":11}},"88":{"start":{"line":172,"column":2},"end":{"line":228,"column":5}},"89":{"start":{"line":172,"column":78},"end":{"line":228,"column":4}},"90":{"start":{"line":173,"column":4},"end":{"line":176,"column":5}},"91":{"start":{"line":174,"column":6},"end":{"line":174,"column":73}},"92":{"start":{"line":175,"column":6},"end":{"line":175,"column":13}},"93":{"start":{"line":177,"column":4},"end":{"line":227,"column":5}},"94":{"start":{"line":178,"column":19},"end":{"line":178,"column":51}},"95":{"start":{"line":179,"column":6},"end":{"line":182,"column":7}},"96":{"start":{"line":180,"column":8},"end":{"line":180,"column":77}},"97":{"start":{"line":181,"column":8},"end":{"line":181,"column":15}},"98":{"start":{"line":185,"column":6},"end":{"line":190,"column":7}},"99":{"start":{"line":186,"column":8},"end":{"line":186,"column":32}},"100":{"start":{"line":187,"column":8},"end":{"line":187,"column":26}},"101":{"start":{"line":188,"column":8},"end":{"line":188,"column":75}},"102":{"start":{"line":189,"column":8},"end":{"line":189,"column":15}},"103":{"start":{"line":195,"column":20},"end":{"line":195,"column":55}},"104":{"start":{"line":196,"column":30},"end":{"line":199,"column":null}},"105":{"start":{"line":203,"column":20},"end":{"line":203,"column":55}},"106":{"start":{"line":204,"column":31},"end":{"line":207,"column":null}},"107":{"start":{"line":211,"column":6},"end":{"line":211,"column":73}},"108":{"start":{"line":211,"column":60},"end":{"line":211,"column":71}},"109":{"start":{"line":212,"column":6},"end":{"line":212,"column":48}},"110":{"start":{"line":213,"column":6},"end":{"line":213,"column":24}},"111":{"start":{"line":215,"column":6},"end":{"line":223,"column":9}},"112":{"start":{"line":225,"column":6},"end":{"line":225,"column":72}},"113":{"start":{"line":226,"column":6},"end":{"line":226,"column":13}},"114":{"start":{"line":231,"column":27},"end":{"line":258,"column":1}},"115":{"start":{"line":236,"column":22},"end":{"line":236,"column":50}},"116":{"start":{"line":237,"column":16},"end":{"line":237,"column":56}},"117":{"start":{"line":238,"column":2},"end":{"line":241,"column":3}},"118":{"start":{"line":239,"column":4},"end":{"line":239,"column":72}},"119":{"start":{"line":240,"column":4},"end":{"line":240,"column":11}},"120":{"start":{"line":242,"column":2},"end":{"line":248,"column":3}},"121":{"start":{"line":243,"column":4},"end":{"line":246,"column":7}},"122":{"start":{"line":247,"column":4},"end":{"line":247,"column":11}},"123":{"start":{"line":249,"column":2},"end":{"line":257,"column":5}},"124":{"start":{"line":250,"column":4},"end":{"line":253,"column":5}},"125":{"start":{"line":251,"column":6},"end":{"line":251,"column":73}},"126":{"start":{"line":252,"column":6},"end":{"line":252,"column":13}},"127":{"start":{"line":255,"column":4},"end":{"line":255,"column":35}},"128":{"start":{"line":256,"column":4},"end":{"line":256,"column":11}},"129":{"start":{"line":260,"column":24},"end":{"line":266,"column":2}},"130":{"start":{"line":267,"column":0},"end":{"line":267,"column":31}}},"fnMap":{"0":{"name":"(anonymous_8)","decl":{"start":{"line":8,"column":17},"end":{"line":8,"column":24}},"loc":{"start":{"line":8,"column":55},"end":{"line":50,"column":2}}},"1":{"name":"(anonymous_9)","decl":{"start":{"line":8,"column":55},"end":{"line":8,"column":null}},"loc":{"start":{"line":8,"column":55},"end":{"line":50,"column":1}}},"2":{"name":"(anonymous_10)","decl":{"start":{"line":51,"column":14},"end":{"line":51,"column":21}},"loc":{"start":{"line":51,"column":52},"end":{"line":105,"column":2}}},"3":{"name":"(anonymous_11)","decl":{"start":{"line":51,"column":52},"end":{"line":51,"column":null}},"loc":{"start":{"line":51,"column":52},"end":{"line":105,"column":1}}},"4":{"name":"(anonymous_12)","decl":{"start":{"line":107,"column":15},"end":{"line":107,"column":22}},"loc":{"start":{"line":107,"column":53},"end":{"line":156,"column":2}}},"5":{"name":"(anonymous_13)","decl":{"start":{"line":107,"column":53},"end":{"line":107,"column":null}},"loc":{"start":{"line":107,"column":53},"end":{"line":156,"column":1}}},"6":{"name":"(anonymous_14)","decl":{"start":{"line":122,"column":46},"end":{"line":122,"column":53}},"loc":{"start":{"line":122,"column":78},"end":{"line":155,"column":4}}},"7":{"name":"(anonymous_15)","decl":{"start":{"line":122,"column":78},"end":{"line":122,"column":null}},"loc":{"start":{"line":122,"column":78},"end":{"line":155,"column":3}}},"8":{"name":"(anonymous_16)","decl":{"start":{"line":145,"column":53},"end":{"line":145,"column":54}},"loc":{"start":{"line":145,"column":60},"end":{"line":145,"column":71}}},"9":{"name":"(anonymous_17)","decl":{"start":{"line":158,"column":16},"end":{"line":158,"column":23}},"loc":{"start":{"line":158,"column":54},"end":{"line":229,"column":2}}},"10":{"name":"(anonymous_18)","decl":{"start":{"line":158,"column":54},"end":{"line":158,"column":null}},"loc":{"start":{"line":158,"column":54},"end":{"line":229,"column":1}}},"11":{"name":"(anonymous_19)","decl":{"start":{"line":172,"column":46},"end":{"line":172,"column":53}},"loc":{"start":{"line":172,"column":78},"end":{"line":228,"column":4}}},"12":{"name":"(anonymous_20)","decl":{"start":{"line":172,"column":78},"end":{"line":172,"column":null}},"loc":{"start":{"line":172,"column":78},"end":{"line":228,"column":3}}},"13":{"name":"(anonymous_21)","decl":{"start":{"line":211,"column":53},"end":{"line":211,"column":54}},"loc":{"start":{"line":211,"column":60},"end":{"line":211,"column":71}}},"14":{"name":"(anonymous_22)","decl":{"start":{"line":231,"column":27},"end":{"line":231,"column":null}},"loc":{"start":{"line":235,"column":4},"end":{"line":258,"column":1}}},"15":{"name":"(anonymous_23)","decl":{"start":{"line":249,"column":46},"end":{"line":249,"column":47}},"loc":{"start":{"line":249,"column":72},"end":{"line":257,"column":3}}}},"branchMap":{"0":{"loc":{"start":{"line":14,"column":6},"end":{"line":16,"column":7}},"type":"if","locations":[{"start":{"line":14,"column":6},"end":{"line":16,"column":7}}]},"1":{"loc":{"start":{"line":14,"column":10},"end":{"line":14,"column":54}},"type":"binary-expr","locations":[{"start":{"line":14,"column":10},"end":{"line":14,"column":27}},{"start":{"line":14,"column":31},"end":{"line":14,"column":54}}]},"2":{"loc":{"start":{"line":21,"column":4},"end":{"line":23,"column":5}},"type":"if","locations":[{"start":{"line":21,"column":4},"end":{"line":23,"column":5}}]},"3":{"loc":{"start":{"line":27,"column":4},"end":{"line":29,"column":5}},"type":"if","locations":[{"start":{"line":27,"column":4},"end":{"line":29,"column":5}}]},"4":{"loc":{"start":{"line":55,"column":4},"end":{"line":56,"column":60}},"type":"if","locations":[{"start":{"line":55,"column":4},"end":{"line":56,"column":60}}]},"5":{"loc":{"start":{"line":55,"column":8},"end":{"line":55,"column":68}},"type":"binary-expr","locations":[{"start":{"line":55,"column":8},"end":{"line":55,"column":17}},{"start":{"line":55,"column":21},"end":{"line":55,"column":30}},{"start":{"line":55,"column":34},"end":{"line":55,"column":49}},{"start":{"line":55,"column":53},"end":{"line":55,"column":68}}]},"6":{"loc":{"start":{"line":60,"column":4},"end":{"line":62,"column":5}},"type":"if","locations":[{"start":{"line":60,"column":4},"end":{"line":62,"column":5}}]},"7":{"loc":{"start":{"line":66,"column":4},"end":{"line":68,"column":5}},"type":"if","locations":[{"start":{"line":66,"column":4},"end":{"line":68,"column":5}}]},"8":{"loc":{"start":{"line":87,"column":4},"end":{"line":87,"column":53}},"type":"if","locations":[{"start":{"line":87,"column":4},"end":{"line":87,"column":53}}]},"9":{"loc":{"start":{"line":109,"column":16},"end":{"line":109,"column":56}},"type":"binary-expr","locations":[{"start":{"line":109,"column":16},"end":{"line":109,"column":27}},{"start":{"line":109,"column":31},"end":{"line":109,"column":56}}]},"10":{"loc":{"start":{"line":110,"column":2},"end":{"line":113,"column":3}},"type":"if","locations":[{"start":{"line":110,"column":2},"end":{"line":113,"column":3}}]},"11":{"loc":{"start":{"line":115,"column":2},"end":{"line":121,"column":3}},"type":"if","locations":[{"start":{"line":115,"column":2},"end":{"line":121,"column":3}}]},"12":{"loc":{"start":{"line":123,"column":4},"end":{"line":126,"column":5}},"type":"if","locations":[{"start":{"line":123,"column":4},"end":{"line":126,"column":5}}]},"13":{"loc":{"start":{"line":123,"column":8},"end":{"line":123,"column":23}},"type":"binary-expr","locations":[{"start":{"line":123,"column":8},"end":{"line":123,"column":11}},{"start":{"line":123,"column":15},"end":{"line":123,"column":23}}]},"14":{"loc":{"start":{"line":130,"column":6},"end":{"line":133,"column":7}},"type":"if","locations":[{"start":{"line":130,"column":6},"end":{"line":133,"column":7}}]},"15":{"loc":{"start":{"line":136,"column":6},"end":{"line":142,"column":7}},"type":"if","locations":[{"start":{"line":136,"column":6},"end":{"line":142,"column":7}}]},"16":{"loc":{"start":{"line":160,"column":16},"end":{"line":160,"column":56}},"type":"binary-expr","locations":[{"start":{"line":160,"column":16},"end":{"line":160,"column":27}},{"start":{"line":160,"column":31},"end":{"line":160,"column":56}}]},"17":{"loc":{"start":{"line":161,"column":2},"end":{"line":164,"column":3}},"type":"if","locations":[{"start":{"line":161,"column":2},"end":{"line":164,"column":3}}]},"18":{"loc":{"start":{"line":165,"column":2},"end":{"line":171,"column":3}},"type":"if","locations":[{"start":{"line":165,"column":2},"end":{"line":171,"column":3}}]},"19":{"loc":{"start":{"line":173,"column":4},"end":{"line":176,"column":5}},"type":"if","locations":[{"start":{"line":173,"column":4},"end":{"line":176,"column":5}}]},"20":{"loc":{"start":{"line":173,"column":8},"end":{"line":173,"column":23}},"type":"binary-expr","locations":[{"start":{"line":173,"column":8},"end":{"line":173,"column":11}},{"start":{"line":173,"column":15},"end":{"line":173,"column":23}}]},"21":{"loc":{"start":{"line":179,"column":6},"end":{"line":182,"column":7}},"type":"if","locations":[{"start":{"line":179,"column":6},"end":{"line":182,"column":7}}]},"22":{"loc":{"start":{"line":185,"column":6},"end":{"line":190,"column":7}},"type":"if","locations":[{"start":{"line":185,"column":6},"end":{"line":190,"column":7}}]},"23":{"loc":{"start":{"line":237,"column":16},"end":{"line":237,"column":56}},"type":"binary-expr","locations":[{"start":{"line":237,"column":16},"end":{"line":237,"column":27}},{"start":{"line":237,"column":31},"end":{"line":237,"column":56}}]},"24":{"loc":{"start":{"line":238,"column":2},"end":{"line":241,"column":3}},"type":"if","locations":[{"start":{"line":238,"column":2},"end":{"line":241,"column":3}}]},"25":{"loc":{"start":{"line":242,"column":2},"end":{"line":248,"column":3}},"type":"if","locations":[{"start":{"line":242,"column":2},"end":{"line":248,"column":3}}]},"26":{"loc":{"start":{"line":250,"column":4},"end":{"line":253,"column":5}},"type":"if","locations":[{"start":{"line":250,"column":4},"end":{"line":253,"column":5}}]},"27":{"loc":{"start":{"line":250,"column":8},"end":{"line":250,"column":23}},"type":"binary-expr","locations":[{"start":{"line":250,"column":8},"end":{"line":250,"column":11}},{"start":{"line":250,"column":15},"end":{"line":250,"column":23}}]}},"s":{"0":4,"1":4,"2":4,"3":4,"4":13,"5":13,"6":13,"7":13,"8":13,"9":55,"10":5,"11":8,"12":8,"13":1,"14":7,"15":7,"16":1,"17":6,"18":6,"19":6,"20":6,"21":6,"22":7,"23":7,"24":4,"25":10,"26":10,"27":10,"28":10,"29":2,"30":8,"31":8,"32":0,"33":8,"34":8,"35":1,"36":7,"37":7,"38":7,"39":7,"40":7,"41":0,"42":7,"43":7,"44":7,"45":7,"46":3,"47":3,"48":4,"49":2,"50":2,"51":2,"52":2,"53":0,"54":0,"55":2,"56":0,"57":0,"58":2,"59":2,"60":2,"61":0,"62":0,"63":2,"64":2,"65":2,"66":0,"67":0,"68":2,"69":0,"70":0,"71":0,"72":2,"73":3,"74":2,"75":2,"76":0,"77":0,"78":4,"79":3,"80":3,"81":3,"82":3,"83":1,"84":1,"85":2,"86":0,"87":0,"88":2,"89":2,"90":2,"91":0,"92":0,"93":2,"94":2,"95":2,"96":0,"97":0,"98":2,"99":1,"100":1,"101":1,"102":1,"103":1,"104":1,"105":1,"106":1,"107":1,"108":1,"109":1,"110":1,"111":1,"112":0,"113":0,"114":4,"115":24,"116":24,"117":24,"118":0,"119":0,"120":24,"121":0,"122":0,"123":24,"124":24,"125":1,"126":1,"127":23,"128":23,"129":4,"130":4},"f":{"0":13,"1":13,"2":10,"3":10,"4":2,"5":2,"6":2,"7":2,"8":3,"9":3,"10":3,"11":2,"12":2,"13":1,"14":24,"15":24},"b":{"0":[5],"1":[55,50],"2":[1],"3":[1],"4":[2],"5":[10,9,8,8],"6":[0],"7":[1],"8":[0],"9":[2,2],"10":[0],"11":[0],"12":[0],"13":[2,2],"14":[0],"15":[0],"16":[3,2],"17":[1],"18":[0],"19":[0],"20":[2,2],"21":[0],"22":[1],"23":[24,24],"24":[0],"25":[0],"26":[1],"27":[24,23]}}
,"C:\\Users\\prosh\\college\\Advanced_Topics_in_Web_Applications\\projects\\src\\controllers\\base_controller.ts": {"path":"C:\\Users\\prosh\\college\\Advanced_Topics_in_Web_Applications\\projects\\src\\controllers\\base_controller.ts","statementMap":{"0":{"start":{"line":6,"column":4},"end":{"line":6,"column":23}},"1":{"start":{"line":9,"column":4},"end":{"line":14,"column":5}},"2":{"start":{"line":10,"column":19},"end":{"line":10,"column":52}},"3":{"start":{"line":11,"column":6},"end":{"line":11,"column":69}},"4":{"start":{"line":13,"column":6},"end":{"line":13,"column":77}},"5":{"start":{"line":17,"column":4},"end":{"line":22,"column":5}},"6":{"start":{"line":18,"column":20},"end":{"line":18,"column":43}},"7":{"start":{"line":19,"column":6},"end":{"line":19,"column":70}},"8":{"start":{"line":21,"column":6},"end":{"line":21,"column":77}},"9":{"start":{"line":26,"column":4},"end":{"line":37,"column":5}},"10":{"start":{"line":27,"column":21},"end":{"line":27,"column":34}},"11":{"start":{"line":28,"column":19},"end":{"line":28,"column":52}},"12":{"start":{"line":29,"column":6},"end":{"line":33,"column":7}},"13":{"start":{"line":30,"column":8},"end":{"line":32,"column":64}},"14":{"start":{"line":34,"column":6},"end":{"line":34,"column":69}},"15":{"start":{"line":36,"column":6},"end":{"line":36,"column":77}},"16":{"start":{"line":40,"column":4},"end":{"line":54,"column":5}},"17":{"start":{"line":41,"column":21},"end":{"line":41,"column":34}},"18":{"start":{"line":42,"column":28},"end":{"line":42,"column":36}},"19":{"start":{"line":45,"column":26},"end":{"line":49,"column":8}},"20":{"start":{"line":51,"column":6},"end":{"line":51,"column":76}},"21":{"start":{"line":53,"column":6},"end":{"line":53,"column":77}},"22":{"start":{"line":57,"column":4},"end":{"line":68,"column":5}},"23":{"start":{"line":58,"column":21},"end":{"line":58,"column":34}},"24":{"start":{"line":59,"column":19},"end":{"line":59,"column":61}},"25":{"start":{"line":60,"column":6},"end":{"line":64,"column":7}},"26":{"start":{"line":61,"column":8},"end":{"line":63,"column":64}},"27":{"start":{"line":65,"column":6},"end":{"line":65,"column":67}},"28":{"start":{"line":67,"column":6},"end":{"line":67,"column":77}},"29":{"start":{"line":72,"column":0},"end":{"line":72,"column":30}}},"fnMap":{"0":{"name":"(anonymous_7)","decl":{"start":{"line":5,"column":2},"end":{"line":5,"column":14}},"loc":{"start":{"line":5,"column":29},"end":{"line":7,"column":3}}},"1":{"name":"(anonymous_8)","decl":{"start":{"line":8,"column":8},"end":{"line":8,"column":18}},"loc":{"start":{"line":8,"column":46},"end":{"line":15,"column":null}}},"2":{"name":"(anonymous_10)","decl":{"start":{"line":16,"column":8},"end":{"line":16,"column":19}},"loc":{"start":{"line":16,"column":47},"end":{"line":23,"column":null}}},"3":{"name":"(anonymous_12)","decl":{"start":{"line":25,"column":8},"end":{"line":25,"column":19}},"loc":{"start":{"line":25,"column":47},"end":{"line":38,"column":null}}},"4":{"name":"(anonymous_14)","decl":{"start":{"line":39,"column":8},"end":{"line":39,"column":18}},"loc":{"start":{"line":39,"column":46},"end":{"line":55,"column":null}}},"5":{"name":"(anonymous_16)","decl":{"start":{"line":56,"column":8},"end":{"line":56,"column":18}},"loc":{"start":{"line":56,"column":46},"end":{"line":69,"column":null}}}},"branchMap":{"0":{"loc":{"start":{"line":29,"column":6},"end":{"line":33,"column":7}},"type":"if","locations":[{"start":{"line":29,"column":6},"end":{"line":33,"column":7}}]},"1":{"loc":{"start":{"line":60,"column":6},"end":{"line":64,"column":7}},"type":"if","locations":[{"start":{"line":60,"column":6},"end":{"line":64,"column":7}}]}},"s":{"0":8,"1":10,"2":10,"3":10,"4":0,"5":1,"6":1,"7":1,"8":0,"9":4,"10":4,"11":4,"12":4,"13":2,"14":2,"15":0,"16":2,"17":2,"18":2,"19":2,"20":2,"21":0,"22":2,"23":2,"24":2,"25":2,"26":0,"27":2,"28":0,"29":4},"f":{"0":8,"1":10,"2":1,"3":4,"4":2,"5":2},"b":{"0":[2],"1":[0]}}
,"C:\\Users\\prosh\\college\\Advanced_Topics_in_Web_Applications\\projects\\src\\controllers\\comments_controller.ts": {"path":"C:\\Users\\prosh\\college\\Advanced_Topics_in_Web_Applications\\projects\\src\\controllers\\comments_controller.ts","statementMap":{"0":{"start":{"line":1,"column":0},"end":{"line":1,"column":62}},"1":{"start":{"line":2,"column":0},"end":{"line":2,"column":47}},"2":{"start":{"line":5,"column":0},"end":{"line":5,"column":42}},"3":{"start":{"line":9,"column":4},"end":{"line":9,"column":17}},"4":{"start":{"line":13,"column":4},"end":{"line":34,"column":5}},"5":{"start":{"line":14,"column":23},"end":{"line":14,"column":39}},"6":{"start":{"line":16,"column":21},"end":{"line":16,"column":38}},"7":{"start":{"line":18,"column":19},"end":{"line":18,"column":47}},"8":{"start":{"line":19,"column":6},"end":{"line":23,"column":7}},"9":{"start":{"line":20,"column":8},"end":{"line":22,"column":64}},"10":{"start":{"line":25,"column":22},"end":{"line":25,"column":38}},"11":{"start":{"line":26,"column":6},"end":{"line":28,"column":7}},"12":{"start":{"line":27,"column":8},"end":{"line":27,"column":62}},"13":{"start":{"line":30,"column":6},"end":{"line":30,"column":67}},"14":{"start":{"line":31,"column":6},"end":{"line":31,"column":46}},"15":{"start":{"line":33,"column":6},"end":{"line":33,"column":79}},"16":{"start":{"line":38,"column":4},"end":{"line":52,"column":5}},"17":{"start":{"line":39,"column":42},"end":{"line":41,"column":12}},"18":{"start":{"line":43,"column":6},"end":{"line":47,"column":7}},"19":{"start":{"line":45,"column":25},"end":{"line":45,"column":52}},"20":{"start":{"line":46,"column":8},"end":{"line":46,"column":75}},"21":{"start":{"line":49,"column":6},"end":{"line":49,"column":47}},"22":{"start":{"line":51,"column":6},"end":{"line":51,"column":77}},"23":{"start":{"line":56,"column":4},"end":{"line":87,"column":5}},"24":{"start":{"line":57,"column":21},"end":{"line":57,"column":37}},"25":{"start":{"line":61,"column":24},"end":{"line":61,"column":37}},"26":{"start":{"line":62,"column":30},"end":{"line":62,"column":66}},"27":{"start":{"line":64,"column":6},"end":{"line":68,"column":7}},"28":{"start":{"line":65,"column":8},"end":{"line":67,"column":67}},"29":{"start":{"line":71,"column":6},"end":{"line":76,"column":7}},"30":{"start":{"line":72,"column":8},"end":{"line":75,"column":11}},"31":{"start":{"line":78,"column":22},"end":{"line":78,"column":38}},"32":{"start":{"line":80,"column":6},"end":{"line":82,"column":7}},"33":{"start":{"line":81,"column":8},"end":{"line":81,"column":62}},"34":{"start":{"line":84,"column":6},"end":{"line":84,"column":46}},"35":{"start":{"line":86,"column":6},"end":{"line":86,"column":77}},"36":{"start":{"line":90,"column":4},"end":{"line":115,"column":5}},"37":{"start":{"line":91,"column":21},"end":{"line":91,"column":37}},"38":{"start":{"line":95,"column":24},"end":{"line":95,"column":37}},"39":{"start":{"line":96,"column":30},"end":{"line":96,"column":66}},"40":{"start":{"line":98,"column":6},"end":{"line":102,"column":7}},"41":{"start":{"line":99,"column":8},"end":{"line":101,"column":67}},"42":{"start":{"line":105,"column":6},"end":{"line":110,"column":7}},"43":{"start":{"line":106,"column":8},"end":{"line":109,"column":11}},"44":{"start":{"line":112,"column":6},"end":{"line":112,"column":46}},"45":{"start":{"line":114,"column":6},"end":{"line":114,"column":77}},"46":{"start":{"line":118,"column":0},"end":{"line":118,"column":48}}},"fnMap":{"0":{"name":"(anonymous_8)","decl":{"start":{"line":8,"column":2},"end":{"line":8,"column":14}},"loc":{"start":{"line":8,"column":36},"end":{"line":10,"column":3}}},"1":{"name":"(anonymous_9)","decl":{"start":{"line":12,"column":8},"end":{"line":12,"column":18}},"loc":{"start":{"line":12,"column":46},"end":{"line":35,"column":null}}},"2":{"name":"(anonymous_12)","decl":{"start":{"line":37,"column":8},"end":{"line":37,"column":19}},"loc":{"start":{"line":37,"column":47},"end":{"line":53,"column":null}}},"3":{"name":"(anonymous_15)","decl":{"start":{"line":55,"column":8},"end":{"line":55,"column":18}},"loc":{"start":{"line":55,"column":46},"end":{"line":88,"column":null}}},"4":{"name":"(anonymous_18)","decl":{"start":{"line":89,"column":8},"end":{"line":89,"column":18}},"loc":{"start":{"line":89,"column":46},"end":{"line":116,"column":null}}}},"branchMap":{"0":{"loc":{"start":{"line":19,"column":6},"end":{"line":23,"column":7}},"type":"if","locations":[{"start":{"line":19,"column":6},"end":{"line":23,"column":7}}]},"1":{"loc":{"start":{"line":26,"column":6},"end":{"line":28,"column":7}},"type":"if","locations":[{"start":{"line":26,"column":6},"end":{"line":28,"column":7}}]},"2":{"loc":{"start":{"line":26,"column":10},"end":{"line":26,"column":43}},"type":"binary-expr","locations":[{"start":{"line":26,"column":10},"end":{"line":26,"column":18}},{"start":{"line":26,"column":22},"end":{"line":26,"column":43}}]},"3":{"loc":{"start":{"line":39,"column":42},"end":{"line":41,"column":12}},"type":"cond-expr","locations":[{"start":{"line":40,"column":10},"end":{"line":40,"column":38}},{"start":{"line":41,"column":10},"end":{"line":41,"column":12}}]},"4":{"loc":{"start":{"line":43,"column":6},"end":{"line":47,"column":7}},"type":"if","locations":[{"start":{"line":43,"column":6},"end":{"line":47,"column":7}}]},"5":{"loc":{"start":{"line":64,"column":6},"end":{"line":68,"column":7}},"type":"if","locations":[{"start":{"line":64,"column":6},"end":{"line":68,"column":7}}]},"6":{"loc":{"start":{"line":71,"column":6},"end":{"line":76,"column":7}},"type":"if","locations":[{"start":{"line":71,"column":6},"end":{"line":76,"column":7}}]},"7":{"loc":{"start":{"line":80,"column":6},"end":{"line":82,"column":7}},"type":"if","locations":[{"start":{"line":80,"column":6},"end":{"line":82,"column":7}}]},"8":{"loc":{"start":{"line":80,"column":10},"end":{"line":80,"column":43}},"type":"binary-expr","locations":[{"start":{"line":80,"column":10},"end":{"line":80,"column":18}},{"start":{"line":80,"column":22},"end":{"line":80,"column":43}}]},"9":{"loc":{"start":{"line":98,"column":6},"end":{"line":102,"column":7}},"type":"if","locations":[{"start":{"line":98,"column":6},"end":{"line":102,"column":7}}]},"10":{"loc":{"start":{"line":105,"column":6},"end":{"line":110,"column":7}},"type":"if","locations":[{"start":{"line":105,"column":6},"end":{"line":110,"column":7}}]}},"s":{"0":4,"1":4,"2":4,"3":4,"4":5,"5":5,"6":5,"7":5,"8":5,"9":1,"10":4,"11":4,"12":1,"13":3,"14":3,"15":1,"16":3,"17":3,"18":3,"19":2,"20":2,"21":1,"22":0,"23":1,"24":1,"25":1,"26":1,"27":1,"28":0,"29":1,"30":0,"31":1,"32":1,"33":0,"34":1,"35":0,"36":2,"37":2,"38":2,"39":2,"40":2,"41":1,"42":1,"43":0,"44":1,"45":0,"46":4},"f":{"0":4,"1":5,"2":3,"3":1,"4":2},"b":{"0":[1],"1":[1],"2":[4,3],"3":[2,1],"4":[2],"5":[0],"6":[0],"7":[0],"8":[1,1],"9":[1],"10":[0]}}
,"C:\\Users\\prosh\\college\\Advanced_Topics_in_Web_Applications\\projects\\src\\controllers\\posts_controller.ts": {"path":"C:\\Users\\prosh\\college\\Advanced_Topics_in_Web_Applications\\projects\\src\\controllers\\posts_controller.ts","statementMap":{"0":{"start":{"line":2,"column":0},"end":{"line":2,"column":53}},"1":{"start":{"line":3,"column":0},"end":{"line":3,"column":47}},"2":{"start":{"line":5,"column":0},"end":{"line":5,"column":48}},"3":{"start":{"line":8,"column":4},"end":{"line":8,"column":17}},"4":{"start":{"line":11,"column":4},"end":{"line":28,"column":5}},"5":{"start":{"line":12,"column":21},"end":{"line":12,"column":37}},"6":{"start":{"line":14,"column":33},"end":{"line":14,"column":41}},"7":{"start":{"line":16,"column":6},"end":{"line":18,"column":7}},"8":{"start":{"line":17,"column":8},"end":{"line":17,"column":57}},"9":{"start":{"line":20,"column":6},"end":{"line":22,"column":7}},"10":{"start":{"line":21,"column":8},"end":{"line":21,"column":59}},"11":{"start":{"line":24,"column":6},"end":{"line":24,"column":49}},"12":{"start":{"line":25,"column":6},"end":{"line":25,"column":46}},"13":{"start":{"line":27,"column":6},"end":{"line":27,"column":79}},"14":{"start":{"line":31,"column":4},"end":{"line":43,"column":5}},"15":{"start":{"line":32,"column":21},"end":{"line":32,"column":73}},"16":{"start":{"line":34,"column":6},"end":{"line":37,"column":7}},"17":{"start":{"line":35,"column":22},"end":{"line":35,"column":51}},"18":{"start":{"line":36,"column":8},"end":{"line":36,"column":72}},"19":{"start":{"line":40,"column":6},"end":{"line":40,"column":47}},"20":{"start":{"line":42,"column":6},"end":{"line":42,"column":77}},"21":{"start":{"line":47,"column":4},"end":{"line":81,"column":5}},"22":{"start":{"line":48,"column":21},"end":{"line":48,"column":34}},"23":{"start":{"line":49,"column":21},"end":{"line":49,"column":37}},"24":{"start":{"line":52,"column":27},"end":{"line":52,"column":60}},"25":{"start":{"line":54,"column":6},"end":{"line":58,"column":7}},"26":{"start":{"line":55,"column":8},"end":{"line":57,"column":64}},"27":{"start":{"line":61,"column":6},"end":{"line":66,"column":7}},"28":{"start":{"line":62,"column":8},"end":{"line":65,"column":11}},"29":{"start":{"line":68,"column":33},"end":{"line":68,"column":41}},"30":{"start":{"line":70,"column":6},"end":{"line":72,"column":7}},"31":{"start":{"line":71,"column":8},"end":{"line":71,"column":57}},"32":{"start":{"line":74,"column":6},"end":{"line":76,"column":7}},"33":{"start":{"line":75,"column":8},"end":{"line":75,"column":59}},"34":{"start":{"line":78,"column":6},"end":{"line":78,"column":46}},"35":{"start":{"line":80,"column":6},"end":{"line":80,"column":77}},"36":{"start":{"line":84,"column":4},"end":{"line":110,"column":5}},"37":{"start":{"line":85,"column":21},"end":{"line":85,"column":34}},"38":{"start":{"line":86,"column":21},"end":{"line":86,"column":37}},"39":{"start":{"line":89,"column":27},"end":{"line":89,"column":60}},"40":{"start":{"line":91,"column":6},"end":{"line":95,"column":7}},"41":{"start":{"line":92,"column":8},"end":{"line":94,"column":64}},"42":{"start":{"line":98,"column":6},"end":{"line":103,"column":7}},"43":{"start":{"line":99,"column":8},"end":{"line":102,"column":11}},"44":{"start":{"line":105,"column":6},"end":{"line":105,"column":52}},"45":{"start":{"line":107,"column":6},"end":{"line":107,"column":46}},"46":{"start":{"line":109,"column":6},"end":{"line":109,"column":77}},"47":{"start":{"line":113,"column":23},"end":{"line":113,"column":49}},"48":{"start":{"line":115,"column":0},"end":{"line":115,"column":30}}},"fnMap":{"0":{"name":"(anonymous_8)","decl":{"start":{"line":7,"column":2},"end":{"line":7,"column":14}},"loc":{"start":{"line":7,"column":33},"end":{"line":9,"column":3}}},"1":{"name":"(anonymous_9)","decl":{"start":{"line":10,"column":8},"end":{"line":10,"column":18}},"loc":{"start":{"line":10,"column":46},"end":{"line":29,"column":null}}},"2":{"name":"(anonymous_12)","decl":{"start":{"line":30,"column":8},"end":{"line":30,"column":19}},"loc":{"start":{"line":30,"column":47},"end":{"line":44,"column":null}}},"3":{"name":"(anonymous_15)","decl":{"start":{"line":46,"column":8},"end":{"line":46,"column":18}},"loc":{"start":{"line":46,"column":46},"end":{"line":82,"column":null}}},"4":{"name":"(anonymous_18)","decl":{"start":{"line":83,"column":8},"end":{"line":83,"column":18}},"loc":{"start":{"line":83,"column":46},"end":{"line":111,"column":null}}}},"branchMap":{"0":{"loc":{"start":{"line":16,"column":6},"end":{"line":18,"column":7}},"type":"if","locations":[{"start":{"line":16,"column":6},"end":{"line":18,"column":7}}]},"1":{"loc":{"start":{"line":16,"column":10},"end":{"line":16,"column":39}},"type":"binary-expr","locations":[{"start":{"line":16,"column":10},"end":{"line":16,"column":16}},{"start":{"line":16,"column":20},"end":{"line":16,"column":39}}]},"2":{"loc":{"start":{"line":20,"column":6},"end":{"line":22,"column":7}},"type":"if","locations":[{"start":{"line":20,"column":6},"end":{"line":22,"column":7}}]},"3":{"loc":{"start":{"line":20,"column":10},"end":{"line":20,"column":43}},"type":"binary-expr","locations":[{"start":{"line":20,"column":10},"end":{"line":20,"column":18}},{"start":{"line":20,"column":22},"end":{"line":20,"column":43}}]},"4":{"loc":{"start":{"line":32,"column":21},"end":{"line":32,"column":73}},"type":"cond-expr","locations":[{"start":{"line":32,"column":40},"end":{"line":32,"column":68}},{"start":{"line":32,"column":71},"end":{"line":32,"column":73}}]},"5":{"loc":{"start":{"line":34,"column":6},"end":{"line":37,"column":7}},"type":"if","locations":[{"start":{"line":34,"column":6},"end":{"line":37,"column":7}}]},"6":{"loc":{"start":{"line":54,"column":6},"end":{"line":58,"column":7}},"type":"if","locations":[{"start":{"line":54,"column":6},"end":{"line":58,"column":7}}]},"7":{"loc":{"start":{"line":61,"column":6},"end":{"line":66,"column":7}},"type":"if","locations":[{"start":{"line":61,"column":6},"end":{"line":66,"column":7}}]},"8":{"loc":{"start":{"line":70,"column":6},"end":{"line":72,"column":7}},"type":"if","locations":[{"start":{"line":70,"column":6},"end":{"line":72,"column":7}}]},"9":{"loc":{"start":{"line":70,"column":10},"end":{"line":70,"column":39}},"type":"binary-expr","locations":[{"start":{"line":70,"column":10},"end":{"line":70,"column":16}},{"start":{"line":70,"column":20},"end":{"line":70,"column":39}}]},"10":{"loc":{"start":{"line":74,"column":6},"end":{"line":76,"column":7}},"type":"if","locations":[{"start":{"line":74,"column":6},"end":{"line":76,"column":7}}]},"11":{"loc":{"start":{"line":74,"column":10},"end":{"line":74,"column":43}},"type":"binary-expr","locations":[{"start":{"line":74,"column":10},"end":{"line":74,"column":18}},{"start":{"line":74,"column":22},"end":{"line":74,"column":43}}]},"12":{"loc":{"start":{"line":91,"column":6},"end":{"line":95,"column":7}},"type":"if","locations":[{"start":{"line":91,"column":6},"end":{"line":95,"column":7}}]},"13":{"loc":{"start":{"line":98,"column":6},"end":{"line":103,"column":7}},"type":"if","locations":[{"start":{"line":98,"column":6},"end":{"line":103,"column":7}}]}},"s":{"0":4,"1":4,"2":4,"3":4,"4":9,"5":9,"6":9,"7":9,"8":1,"9":8,"10":1,"11":7,"12":7,"13":2,"14":3,"15":3,"16":3,"17":3,"18":3,"19":0,"20":0,"21":2,"22":2,"23":2,"24":2,"25":2,"26":0,"27":2,"28":1,"29":1,"30":1,"31":0,"32":1,"33":0,"34":1,"35":0,"36":2,"37":2,"38":2,"39":2,"40":2,"41":0,"42":2,"43":1,"44":1,"45":1,"46":0,"47":4,"48":4},"f":{"0":4,"1":9,"2":3,"3":2,"4":2},"b":{"0":[1],"1":[9,8],"2":[1],"3":[8,7],"4":[2,1],"5":[3],"6":[0],"7":[1],"8":[0],"9":[1,1],"10":[0],"11":[1,1],"12":[0],"13":[1]}}
,"C:\\Users\\prosh\\college\\Advanced_Topics_in_Web_Applications\\projects\\src\\controllers\\user_controller.ts": {"path":"C:\\Users\\prosh\\college\\Advanced_Topics_in_Web_Applications\\projects\\src\\controllers\\user_controller.ts","statementMap":{"0":{"start":{"line":2,"column":0},"end":{"line":2,"column":41}},"1":{"start":{"line":4,"column":23},"end":{"line":16,"column":2}},"2":{"start":{"line":4,"column":61},"end":{"line":16,"column":2}},"3":{"start":{"line":5,"column":2},"end":{"line":15,"column":3}},"4":{"start":{"line":6,"column":19},"end":{"line":6,"column":32}},"5":{"start":{"line":7,"column":17},"end":{"line":7,"column":79}},"6":{"start":{"line":8,"column":4},"end":{"line":11,"column":5}},"7":{"start":{"line":9,"column":6},"end":{"line":9,"column":75}},"8":{"start":{"line":10,"column":6},"end":{"line":10,"column":13}},"9":{"start":{"line":12,"column":4},"end":{"line":12,"column":60}},"10":{"start":{"line":14,"column":4},"end":{"line":14,"column":68}},"11":{"start":{"line":18,"column":26},"end":{"line":41,"column":2}},"12":{"start":{"line":18,"column":64},"end":{"line":41,"column":2}},"13":{"start":{"line":19,"column":2},"end":{"line":40,"column":3}},"14":{"start":{"line":20,"column":19},"end":{"line":20,"column":32}},"15":{"start":{"line":21,"column":25},"end":{"line":21,"column":33}},"16":{"start":{"line":23,"column":4},"end":{"line":24,"column":51}},"17":{"start":{"line":24,"column":6},"end":{"line":24,"column":51}},"18":{"start":{"line":27,"column":25},"end":{"line":27,"column":57}},"19":{"start":{"line":28,"column":4},"end":{"line":29,"column":48}},"20":{"start":{"line":29,"column":6},"end":{"line":29,"column":48}},"21":{"start":{"line":32,"column":24},"end":{"line":36,"column":39}},"22":{"start":{"line":37,"column":4},"end":{"line":37,"column":67}},"23":{"start":{"line":39,"column":4},"end":{"line":39,"column":68}},"24":{"start":{"line":43,"column":0},"end":{"line":43,"column":53}}},"fnMap":{"0":{"name":"(anonymous_8)","decl":{"start":{"line":4,"column":23},"end":{"line":4,"column":30}},"loc":{"start":{"line":4,"column":61},"end":{"line":16,"column":2}}},"1":{"name":"(anonymous_9)","decl":{"start":{"line":4,"column":61},"end":{"line":4,"column":null}},"loc":{"start":{"line":4,"column":61},"end":{"line":16,"column":1}}},"2":{"name":"(anonymous_10)","decl":{"start":{"line":18,"column":26},"end":{"line":18,"column":33}},"loc":{"start":{"line":18,"column":64},"end":{"line":41,"column":2}}},"3":{"name":"(anonymous_11)","decl":{"start":{"line":18,"column":64},"end":{"line":18,"column":null}},"loc":{"start":{"line":18,"column":64},"end":{"line":41,"column":1}}}},"branchMap":{"0":{"loc":{"start":{"line":8,"column":4},"end":{"line":11,"column":5}},"type":"if","locations":[{"start":{"line":8,"column":4},"end":{"line":11,"column":5}}]},"1":{"loc":{"start":{"line":23,"column":4},"end":{"line":24,"column":51}},"type":"if","locations":[{"start":{"line":23,"column":4},"end":{"line":24,"column":51}}]},"2":{"loc":{"start":{"line":23,"column":8},"end":{"line":23,"column":43}},"type":"binary-expr","locations":[{"start":{"line":23,"column":8},"end":{"line":23,"column":17}},{"start":{"line":23,"column":21},"end":{"line":23,"column":43}}]},"3":{"loc":{"start":{"line":28,"column":4},"end":{"line":29,"column":48}},"type":"if","locations":[{"start":{"line":28,"column":4},"end":{"line":29,"column":48}}]},"4":{"loc":{"start":{"line":28,"column":8},"end":{"line":28,"column":50}},"type":"binary-expr","locations":[{"start":{"line":28,"column":8},"end":{"line":28,"column":20}},{"start":{"line":28,"column":24},"end":{"line":28,"column":50}}]}},"s":{"0":4,"1":4,"2":1,"3":1,"4":1,"5":1,"6":1,"7":0,"8":0,"9":1,"10":0,"11":4,"12":2,"13":2,"14":2,"15":2,"16":2,"17":0,"18":2,"19":2,"20":1,"21":1,"22":1,"23":1,"24":4},"f":{"0":1,"1":1,"2":2,"3":2},"b":{"0":[0],"1":[0],"2":[2,2],"3":[1],"4":[2,1]}}
,"C:\\Users\\prosh\\college\\Advanced_Topics_in_Web_Applications\\projects\\src\\models\\comments_model.ts": {"path":"C:\\Users\\prosh\\college\\Advanced_Topics_in_Web_Applications\\projects\\src\\models\\comments_model.ts","statementMap":{"0":{"start":{"line":1,"column":0},"end":{"line":1,"column":44}},"1":{"start":{"line":9,"column":23},"end":{"line":25,"column":2}},"2":{"start":{"line":27,"column":0},"end":{"line":27,"column":68}}},"fnMap":{},"branchMap":{},"s":{"0":4,"1":4,"2":4},"f":{},"b":{}}
,"C:\\Users\\prosh\\college\\Advanced_Topics_in_Web_Applications\\projects\\src\\models\\posts_model.ts": {"path":"C:\\Users\\prosh\\college\\Advanced_Topics_in_Web_Applications\\projects\\src\\models\\posts_model.ts","statementMap":{"0":{"start":{"line":1,"column":0},"end":{"line":1,"column":44}},"1":{"start":{"line":11,"column":19},"end":{"line":28,"column":2}},"2":{"start":{"line":31,"column":0},"end":{"line":31,"column":57}}},"fnMap":{},"branchMap":{},"s":{"0":4,"1":4,"2":4},"f":{},"b":{}}
,"C:\\Users\\prosh\\college\\Advanced_Topics_in_Web_Applications\\projects\\src\\models\\users_model.ts": {"path":"C:\\Users\\prosh\\college\\Advanced_Topics_in_Web_Applications\\projects\\src\\models\\users_model.ts","statementMap":{"0":{"start":{"line":1,"column":0},"end":{"line":1,"column":32}},"1":{"start":{"line":12,"column":15},"end":{"line":12,"column":30}},"2":{"start":{"line":14,"column":19},"end":{"line":46,"column":2}},"3":{"start":{"line":48,"column":0},"end":{"line":48,"column":57}}},"fnMap":{},"branchMap":{},"s":{"0":4,"1":4,"2":4,"3":4},"f":{},"b":{}}
,"C:\\Users\\prosh\\college\\Advanced_Topics_in_Web_Applications\\projects\\src\\routes\\auth_routes.ts": {"path":"C:\\Users\\prosh\\college\\Advanced_Topics_in_Web_Applications\\projects\\src\\routes\\auth_routes.ts","statementMap":{"0":{"start":{"line":1,"column":0},"end":{"line":1,"column":30}},"1":{"start":{"line":2,"column":0},"end":{"line":2,"column":60}},"2":{"start":{"line":4,"column":15},"end":{"line":4,"column":31}},"3":{"start":{"line":109,"column":0},"end":{"line":109,"column":50}},"4":{"start":{"line":155,"column":0},"end":{"line":155,"column":44}},"5":{"start":{"line":233,"column":0},"end":{"line":233,"column":46}},"6":{"start":{"line":319,"column":0},"end":{"line":319,"column":48}},"7":{"start":{"line":321,"column":0},"end":{"line":321,"column":22}}},"fnMap":{},"branchMap":{},"s":{"0":4,"1":4,"2":4,"3":4,"4":4,"5":4,"6":4,"7":4},"f":{},"b":{}}
,"C:\\Users\\prosh\\college\\Advanced_Topics_in_Web_Applications\\projects\\src\\routes\\comments_routes.ts": {"path":"C:\\Users\\prosh\\college\\Advanced_Topics_in_Web_Applications\\projects\\src\\routes\\comments_routes.ts","statementMap":{"0":{"start":{"line":1,"column":0},"end":{"line":1,"column":53}},"1":{"start":{"line":2,"column":15},"end":{"line":2,"column":52}},"2":{"start":{"line":3,"column":0},"end":{"line":3,"column":68}},"3":{"start":{"line":4,"column":0},"end":{"line":4,"column":60}},"4":{"start":{"line":123,"column":0},"end":{"line":129,"column":2}},"5":{"start":{"line":127,"column":4},"end":{"line":127,"column":44}},"6":{"start":{"line":174,"column":0},"end":{"line":176,"column":3}},"7":{"start":{"line":175,"column":2},"end":{"line":175,"column":43}},"8":{"start":{"line":232,"column":0},"end":{"line":234,"column":3}},"9":{"start":{"line":233,"column":2},"end":{"line":233,"column":43}},"10":{"start":{"line":324,"column":0},"end":{"line":330,"column":2}},"11":{"start":{"line":328,"column":4},"end":{"line":328,"column":44}},"12":{"start":{"line":415,"column":0},"end":{"line":421,"column":2}},"13":{"start":{"line":419,"column":4},"end":{"line":419,"column":44}},"14":{"start":{"line":423,"column":0},"end":{"line":423,"column":22}}},"fnMap":{"0":{"name":"(anonymous_1)","decl":{"start":{"line":126,"column":2},"end":{"line":126,"column":3}},"loc":{"start":{"line":126,"column":34},"end":{"line":128,"column":3}}},"1":{"name":"(anonymous_2)","decl":{"start":{"line":174,"column":16},"end":{"line":174,"column":17}},"loc":{"start":{"line":174,"column":48},"end":{"line":176,"column":1}}},"2":{"name":"(anonymous_3)","decl":{"start":{"line":232,"column":19},"end":{"line":232,"column":20}},"loc":{"start":{"line":232,"column":51},"end":{"line":234,"column":1}}},"3":{"name":"(anonymous_4)","decl":{"start":{"line":327,"column":2},"end":{"line":327,"column":3}},"loc":{"start":{"line":327,"column":34},"end":{"line":329,"column":3}}},"4":{"name":"(anonymous_5)","decl":{"start":{"line":418,"column":2},"end":{"line":418,"column":3}},"loc":{"start":{"line":418,"column":34},"end":{"line":420,"column":3}}}},"branchMap":{},"s":{"0":4,"1":4,"2":4,"3":4,"4":4,"5":5,"6":4,"7":3,"8":4,"9":1,"10":4,"11":1,"12":4,"13":2,"14":4},"f":{"0":5,"1":3,"2":1,"3":1,"4":2},"b":{}}
,"C:\\Users\\prosh\\college\\Advanced_Topics_in_Web_Applications\\projects\\src\\routes\\posts_routes.ts": {"path":"C:\\Users\\prosh\\college\\Advanced_Topics_in_Web_Applications\\projects\\src\\routes\\posts_routes.ts","statementMap":{"0":{"start":{"line":1,"column":0},"end":{"line":1,"column":53}},"1":{"start":{"line":2,"column":0},"end":{"line":2,"column":61}},"2":{"start":{"line":3,"column":0},"end":{"line":3,"column":60}},"3":{"start":{"line":5,"column":15},"end":{"line":5,"column":31}},"4":{"start":{"line":122,"column":0},"end":{"line":128,"column":2}},"5":{"start":{"line":126,"column":4},"end":{"line":126,"column":40}},"6":{"start":{"line":177,"column":0},"end":{"line":179,"column":3}},"7":{"start":{"line":178,"column":2},"end":{"line":178,"column":39}},"8":{"start":{"line":235,"column":0},"end":{"line":237,"column":3}},"9":{"start":{"line":236,"column":2},"end":{"line":236,"column":39}},"10":{"start":{"line":327,"column":0},"end":{"line":333,"column":2}},"11":{"start":{"line":331,"column":4},"end":{"line":331,"column":40}},"12":{"start":{"line":418,"column":0},"end":{"line":424,"column":2}},"13":{"start":{"line":422,"column":4},"end":{"line":422,"column":40}},"14":{"start":{"line":426,"column":0},"end":{"line":426,"column":22}}},"fnMap":{"0":{"name":"(anonymous_1)","decl":{"start":{"line":125,"column":2},"end":{"line":125,"column":3}},"loc":{"start":{"line":125,"column":34},"end":{"line":127,"column":3}}},"1":{"name":"(anonymous_2)","decl":{"start":{"line":177,"column":16},"end":{"line":177,"column":17}},"loc":{"start":{"line":177,"column":48},"end":{"line":179,"column":1}}},"2":{"name":"(anonymous_3)","decl":{"start":{"line":235,"column":19},"end":{"line":235,"column":20}},"loc":{"start":{"line":235,"column":51},"end":{"line":237,"column":1}}},"3":{"name":"(anonymous_4)","decl":{"start":{"line":330,"column":2},"end":{"line":330,"column":3}},"loc":{"start":{"line":330,"column":34},"end":{"line":332,"column":3}}},"4":{"name":"(anonymous_5)","decl":{"start":{"line":421,"column":2},"end":{"line":421,"column":3}},"loc":{"start":{"line":421,"column":34},"end":{"line":423,"column":3}}}},"branchMap":{},"s":{"0":4,"1":4,"2":4,"3":4,"4":4,"5":9,"6":4,"7":3,"8":4,"9":3,"10":4,"11":2,"12":4,"13":2,"14":4},"f":{"0":9,"1":3,"2":3,"3":2,"4":2},"b":{}}
,"C:\\Users\\prosh\\college\\Advanced_Topics_in_Web_Applications\\projects\\src\\routes\\users_routes.ts": {"path":"C:\\Users\\prosh\\college\\Advanced_Topics_in_Web_Applications\\projects\\src\\routes\\users_routes.ts","statementMap":{"0":{"start":{"line":1,"column":0},"end":{"line":1,"column":53}},"1":{"start":{"line":2,"column":0},"end":{"line":2,"column":60}},"2":{"start":{"line":3,"column":0},"end":{"line":3,"column":60}},"3":{"start":{"line":5,"column":15},"end":{"line":5,"column":31}},"4":{"start":{"line":98,"column":0},"end":{"line":98,"column":50}},"5":{"start":{"line":174,"column":0},"end":{"line":178,"column":2}},"6":{"start":{"line":180,"column":0},"end":{"line":180,"column":22}}},"fnMap":{},"branchMap":{},"s":{"0":4,"1":4,"2":4,"3":4,"4":4,"5":4,"6":4},"f":{},"b":{}}
}
