TN:
SF:src\server.ts
FN:35,(anonymous_1)
FN:36,(anonymous_2)
FN:38,(anonymous_3)
FN:39,(anonymous_4)
FN:46,(anonymous_5)
FN:50,(anonymous_6)
FNF:6
FNH:4
FNDA:4,(anonymous_1)
FNDA:4,(anonymous_2)
FNDA:0,(anonymous_3)
FNDA:4,(anonymous_4)
FNDA:4,(anonymous_5)
FNDA:0,(anonymous_6)
DA:1,4
DA:2,4
DA:3,4
DA:4,4
DA:5,4
DA:6,4
DA:7,4
DA:8,4
DA:9,4
DA:10,4
DA:11,4
DA:12,4
DA:14,4
DA:15,4
DA:16,4
DA:17,4
DA:18,4
DA:19,4
DA:20,4
DA:32,4
DA:33,4
DA:35,4
DA:36,4
DA:37,4
DA:38,4
DA:39,4
DA:40,4
DA:41,0
DA:42,0
DA:44,4
DA:47,4
DA:48,4
DA:51,0
DA:52,0
DA:57,4
LF:35
LH:31
BRDA:40,0,0,0
BRDA:40,0,1,4
BRF:2
BRH:1
end_of_record
TN:
SF:src\controllers\auth_controller.ts
FN:8,(anonymous_8)
FN:8,(anonymous_9)
FN:42,(anonymous_10)
FN:42,(anonymous_11)
FN:98,(anonymous_12)
FN:98,(anonymous_13)
FN:113,(anonymous_14)
FN:113,(anonymous_15)
FN:136,(anonymous_16)
FN:149,(anonymous_17)
FN:149,(anonymous_18)
FN:163,(anonymous_19)
FN:163,(anonymous_20)
FN:202,(anonymous_21)
FN:222,(anonymous_22)
FN:240,(anonymous_23)
FNF:16
FNH:16
FNDA:13,(anonymous_8)
FNDA:13,(anonymous_9)
FNDA:11,(anonymous_10)
FNDA:11,(anonymous_11)
FNDA:2,(anonymous_12)
FNDA:2,(anonymous_13)
FNDA:2,(anonymous_14)
FNDA:2,(anonymous_15)
FNDA:3,(anonymous_16)
FNDA:3,(anonymous_17)
FNDA:3,(anonymous_18)
FNDA:2,(anonymous_19)
FNDA:2,(anonymous_20)
FNDA:1,(anonymous_21)
FNDA:25,(anonymous_22)
FNDA:25,(anonymous_23)
DA:2,4
DA:3,4
DA:4,4
DA:8,13
DA:9,13
DA:10,13
DA:12,13
DA:13,13
DA:14,55
DA:15,5
DA:20,8
DA:21,8
DA:22,1
DA:26,7
DA:27,7
DA:28,1
DA:32,6
DA:33,6
DA:34,6
DA:35,6
DA:36,6
DA:38,7
DA:39,7
DA:42,11
DA:43,11
DA:45,11
DA:46,11
DA:47,2
DA:50,9
DA:51,9
DA:52,0
DA:56,9
DA:57,9
DA:58,1
DA:62,8
DA:63,8
DA:70,8
DA:71,8
DA:78,8
DA:79,8
DA:80,8
DA:82,8
DA:91,8
DA:93,3
DA:94,3
DA:98,4
DA:99,2
DA:100,2
DA:101,2
DA:102,0
DA:103,0
DA:106,2
DA:107,0
DA:111,0
DA:113,2
DA:114,2
DA:115,0
DA:116,0
DA:118,2
DA:120,2
DA:121,2
DA:122,0
DA:123,0
DA:127,2
DA:128,0
DA:129,0
DA:130,0
DA:136,3
DA:137,2
DA:139,2
DA:143,0
DA:144,0
DA:149,4
DA:150,3
DA:151,3
DA:152,3
DA:153,1
DA:154,1
DA:156,2
DA:157,0
DA:161,0
DA:163,2
DA:164,2
DA:165,0
DA:166,0
DA:168,2
DA:169,2
DA:170,2
DA:171,0
DA:172,0
DA:176,2
DA:177,1
DA:178,1
DA:179,1
DA:180,1
DA:186,1
DA:187,1
DA:194,1
DA:195,1
DA:202,1
DA:203,1
DA:204,1
DA:206,1
DA:216,0
DA:217,0
DA:222,4
DA:227,25
DA:228,25
DA:229,25
DA:230,0
DA:231,0
DA:233,25
DA:234,0
DA:238,0
DA:240,25
DA:241,25
DA:242,1
DA:245,1
DA:248,24
DA:249,24
DA:253,4
DA:260,4
LF:122
LH:96
BRDA:14,0,0,5
BRDA:21,1,0,1
BRDA:27,2,0,1
BRDA:46,3,0,2
BRDA:46,4,0,11
BRDA:46,4,1,10
BRDA:51,5,0,0
BRDA:57,6,0,1
BRDA:78,7,0,0
BRDA:100,8,0,2
BRDA:100,8,1,2
BRDA:101,9,0,0
BRDA:106,10,0,0
BRDA:114,11,0,0
BRDA:114,12,0,2
BRDA:114,12,1,2
BRDA:121,13,0,0
BRDA:127,14,0,0
BRDA:151,15,0,3
BRDA:151,15,1,2
BRDA:152,16,0,1
BRDA:156,17,0,0
BRDA:164,18,0,0
BRDA:164,19,0,2
BRDA:164,19,1,2
BRDA:170,20,0,0
BRDA:176,21,0,1
BRDA:228,22,0,25
BRDA:228,22,1,25
BRDA:229,23,0,0
BRDA:233,24,0,0
BRDA:241,25,0,1
BRDA:241,26,0,25
BRDA:241,26,1,24
BRF:34
BRH:22
end_of_record
TN:
SF:src\controllers\base_controller.ts
FN:5,(anonymous_7)
FN:8,(anonymous_8)
FN:16,(anonymous_10)
FN:25,(anonymous_12)
FN:39,(anonymous_14)
FN:60,(anonymous_16)
FNF:6
FNH:2
FNDA:8,(anonymous_7)
FNDA:0,(anonymous_8)
FNDA:0,(anonymous_10)
FNDA:3,(anonymous_12)
FNDA:0,(anonymous_14)
FNDA:0,(anonymous_16)
DA:6,8
DA:9,0
DA:10,0
DA:11,0
DA:13,0
DA:17,0
DA:18,0
DA:19,0
DA:21,0
DA:26,3
DA:27,3
DA:28,3
DA:29,3
DA:30,2
DA:34,1
DA:36,0
DA:40,0
DA:41,0
DA:42,0
DA:45,0
DA:50,0
DA:51,0
DA:55,0
DA:57,0
DA:61,0
DA:62,0
DA:63,0
DA:64,0
DA:65,0
DA:69,0
DA:71,0
DA:76,4
LF:32
LH:8
BRDA:29,0,0,2
BRDA:50,1,0,0
BRDA:64,2,0,0
BRF:3
BRH:1
end_of_record
TN:
SF:src\controllers\comments_controller.ts
FN:7,(anonymous_8)
FN:11,(anonymous_9)
FN:31,(anonymous_11)
FN:44,(anonymous_13)
FN:90,(anonymous_15)
FNF:5
FNH:5
FNDA:4,(anonymous_8)
FNDA:4,(anonymous_9)
FNDA:3,(anonymous_11)
FNDA:1,(anonymous_13)
FNDA:2,(anonymous_15)
DA:1,4
DA:2,4
DA:8,4
DA:12,4
DA:13,4
DA:14,4
DA:15,4
DA:16,4
DA:17,4
DA:18,4
DA:19,1
DA:22,3
DA:23,3
DA:25,3
DA:27,1
DA:32,3
DA:33,3
DA:34,3
DA:36,3
DA:38,3
DA:40,0
DA:45,1
DA:46,1
DA:47,1
DA:48,0
DA:51,1
DA:52,1
DA:56,0
DA:57,0
DA:59,0
DA:60,0
DA:66,0
DA:67,0
DA:73,0
DA:74,0
DA:75,0
DA:79,0
DA:85,0
DA:87,1
DA:91,2
DA:92,2
DA:93,2
DA:94,0
DA:99,2
DA:100,2
DA:102,2
DA:103,1
DA:109,1
DA:110,0
DA:116,1
DA:117,1
DA:119,0
DA:123,4
LF:53
LH:37
BRDA:14,0,0,0
BRDA:16,1,0,0
BRDA:18,2,0,1
BRDA:18,3,0,4
BRDA:18,3,1,3
BRDA:34,4,0,0
BRDA:47,5,0,0
BRDA:52,6,0,1
BRDA:59,7,0,0
BRDA:66,8,0,0
BRDA:74,9,0,0
BRDA:74,10,0,0
BRDA:74,10,1,0
BRDA:93,11,0,0
BRDA:102,12,0,1
BRDA:109,13,0,0
BRF:16
BRH:5
end_of_record
TN:
SF:src\controllers\posts_controller.ts
FN:7,(anonymous_8)
FN:10,(anonymous_9)
FN:33,(anonymous_11)
FN:43,(anonymous_13)
FN:93,(anonymous_15)
FNF:5
FNH:5
FNDA:4,(anonymous_8)
FNDA:8,(anonymous_9)
FNDA:3,(anonymous_11)
FNDA:2,(anonymous_13)
FNDA:2,(anonymous_15)
DA:2,4
DA:3,4
DA:5,4
DA:8,4
DA:11,8
DA:12,8
DA:13,8
DA:15,8
DA:17,8
DA:18,0
DA:21,8
DA:22,1
DA:25,7
DA:26,7
DA:28,7
DA:30,1
DA:34,3
DA:35,3
DA:37,3
DA:38,3
DA:40,0
DA:44,2
DA:45,2
DA:46,2
DA:48,2
DA:49,0
DA:53,2
DA:55,2
DA:56,0
DA:62,2
DA:63,1
DA:69,1
DA:71,1
DA:72,0
DA:75,1
DA:76,0
DA:79,1
DA:82,1
DA:88,1
DA:90,0
DA:94,2
DA:95,2
DA:96,2
DA:98,2
DA:99,0
DA:103,2
DA:105,2
DA:106,0
DA:112,2
DA:113,1
DA:120,1
DA:122,1
DA:124,1
DA:126,0
DA:130,4
DA:132,4
LF:56
LH:46
BRDA:13,0,0,0
BRDA:17,1,0,0
BRDA:17,2,0,8
BRDA:17,2,1,8
BRDA:21,3,0,1
BRDA:21,4,0,8
BRDA:21,4,1,7
BRDA:35,5,0,2
BRDA:35,5,1,1
BRDA:48,6,0,0
BRDA:55,7,0,0
BRDA:62,8,0,1
BRDA:71,9,0,0
BRDA:71,10,0,1
BRDA:71,10,1,1
BRDA:75,11,0,0
BRDA:75,12,0,1
BRDA:75,12,1,1
BRDA:98,13,0,0
BRDA:105,14,0,0
BRDA:112,15,0,1
BRF:21
BRH:13
end_of_record
TN:
SF:src\controllers\user_controller.ts
FN:4,(anonymous_8)
FN:4,(anonymous_9)
FN:18,(anonymous_10)
FN:18,(anonymous_11)
FN:29,(anonymous_12)
FN:29,(anonymous_13)
FN:55,(anonymous_14)
FN:55,(anonymous_15)
FNF:8
FNH:8
FNDA:1,(anonymous_8)
FNDA:1,(anonymous_9)
FNDA:1,(anonymous_10)
FNDA:1,(anonymous_11)
FNDA:2,(anonymous_12)
FNDA:2,(anonymous_13)
FNDA:1,(anonymous_14)
FNDA:1,(anonymous_15)
DA:2,4
DA:3,4
DA:4,4
DA:5,1
DA:6,1
DA:7,1
DA:8,1
DA:9,0
DA:10,0
DA:12,1
DA:14,0
DA:18,4
DA:19,1
DA:20,1
DA:22,1
DA:23,1
DA:25,0
DA:29,4
DA:30,2
DA:31,2
DA:32,2
DA:33,2
DA:35,2
DA:36,0
DA:39,2
DA:40,2
DA:41,1
DA:44,1
DA:49,1
DA:51,1
DA:55,4
DA:56,1
DA:57,1
DA:58,1
DA:60,1
DA:61,1
DA:63,0
DA:67,4
LF:38
LH:32
BRDA:8,0,0,0
BRDA:33,1,0,0
BRDA:35,2,0,0
BRDA:35,3,0,2
BRDA:35,3,1,2
BRDA:40,4,0,1
BRDA:40,5,0,2
BRDA:40,5,1,1
BRDA:58,6,0,0
BRF:9
BRH:5
end_of_record
TN:
SF:src\models\comments_model.ts
FNF:0
FNH:0
DA:1,4
DA:9,4
DA:27,4
LF:3
LH:3
BRF:0
BRH:0
end_of_record
TN:
SF:src\models\posts_model.ts
FNF:0
FNH:0
DA:1,4
DA:11,4
DA:31,4
LF:3
LH:3
BRF:0
BRH:0
end_of_record
TN:
SF:src\models\users_model.ts
FNF:0
FNH:0
DA:1,4
DA:12,4
DA:14,4
DA:48,4
LF:4
LH:4
BRF:0
BRH:0
end_of_record
TN:
SF:src\routes\auth_routes.ts
FNF:0
FNH:0
DA:1,4
DA:2,4
DA:4,4
DA:101,4
DA:147,4
DA:225,4
DA:311,4
DA:313,4
LF:8
LH:8
BRF:0
BRH:0
end_of_record
TN:
SF:src\routes\comments_routes.ts
FN:100,(anonymous_1)
FN:148,(anonymous_2)
FN:236,(anonymous_3)
FN:320,(anonymous_4)
FNF:4
FNH:4
FNDA:4,(anonymous_1)
FNDA:3,(anonymous_2)
FNDA:1,(anonymous_3)
FNDA:2,(anonymous_4)
DA:1,4
DA:2,4
DA:3,4
DA:4,4
DA:97,4
DA:101,4
DA:148,4
DA:149,3
DA:233,4
DA:237,1
DA:317,4
DA:321,2
DA:325,4
LF:13
LH:13
BRF:0
BRH:0
end_of_record
TN:
SF:src\routes\posts_routes.ts
FN:97,(anonymous_1)
FN:149,(anonymous_2)
FN:207,(anonymous_3)
FN:289,(anonymous_4)
FN:367,(anonymous_5)
FNF:5
FNH:5
FNDA:8,(anonymous_1)
FNDA:2,(anonymous_2)
FNDA:3,(anonymous_3)
FNDA:2,(anonymous_4)
FNDA:2,(anonymous_5)
DA:1,4
DA:2,4
DA:3,4
DA:5,4
DA:94,4
DA:98,8
DA:149,4
DA:150,2
DA:207,4
DA:208,3
DA:286,4
DA:290,2
DA:364,4
DA:368,2
DA:372,4
LF:15
LH:15
BRF:0
BRH:0
end_of_record
TN:
SF:src\routes\users_routes.ts
FNF:0
FNH:0
DA:1,4
DA:2,4
DA:3,4
DA:5,4
DA:8,4
DA:15,4
DA:22,4
DA:28,4
DA:34,4
LF:9
LH:9
BRF:0
BRH:0
end_of_record
