TN:
SF:src\server.ts
FN:35,(anonymous_1)
FN:36,(anonymous_2)
FN:38,(anonymous_3)
FN:39,(anonymous_4)
FN:46,(anonymous_5)
FN:50,(anonymous_6)
FNF:6
FNH:4
FNDA:4,(anonymous_1)
FNDA:4,(anonymous_2)
FNDA:0,(anonymous_3)
FNDA:4,(anonymous_4)
FNDA:4,(anonymous_5)
FNDA:0,(anonymous_6)
DA:1,4
DA:2,4
DA:3,4
DA:4,4
DA:5,4
DA:6,4
DA:7,4
DA:8,4
DA:9,4
DA:10,4
DA:11,4
DA:12,4
DA:14,4
DA:15,4
DA:16,4
DA:17,4
DA:18,4
DA:19,4
DA:20,4
DA:32,4
DA:33,4
DA:35,4
DA:36,4
DA:37,4
DA:38,4
DA:39,4
DA:40,4
DA:41,0
DA:42,0
DA:44,4
DA:47,4
DA:48,4
DA:51,0
DA:52,0
DA:57,4
LF:35
LH:31
BRDA:40,0,0,0
BRDA:40,0,1,4
BRF:2
BRH:1
end_of_record
TN:
SF:src\controllers\auth_controller.ts
FN:8,(anonymous_8)
FN:8,(anonymous_9)
FN:51,(anonymous_10)
FN:51,(anonymous_11)
FN:107,(anonymous_12)
FN:107,(anonymous_13)
FN:122,(anonymous_14)
FN:122,(anonymous_15)
FN:145,(anonymous_16)
FN:158,(anonymous_17)
FN:158,(anonymous_18)
FN:172,(anonymous_19)
FN:172,(anonymous_20)
FN:211,(anonymous_21)
FN:231,(anonymous_22)
FN:249,(anonymous_23)
FNF:16
FNH:16
FNDA:13,(anonymous_8)
FNDA:13,(anonymous_9)
FNDA:10,(anonymous_10)
FNDA:10,(anonymous_11)
FNDA:2,(anonymous_12)
FNDA:2,(anonymous_13)
FNDA:2,(anonymous_14)
FNDA:2,(anonymous_15)
FNDA:3,(anonymous_16)
FNDA:3,(anonymous_17)
FNDA:3,(anonymous_18)
FNDA:2,(anonymous_19)
FNDA:2,(anonymous_20)
FNDA:1,(anonymous_21)
FNDA:24,(anonymous_22)
FNDA:24,(anonymous_23)
DA:2,4
DA:3,4
DA:4,4
DA:8,13
DA:9,13
DA:10,13
DA:12,13
DA:13,13
DA:14,55
DA:15,5
DA:20,8
DA:21,8
DA:22,1
DA:26,7
DA:27,7
DA:28,1
DA:32,6
DA:33,6
DA:34,6
DA:35,6
DA:45,6
DA:47,7
DA:48,7
DA:51,10
DA:52,10
DA:54,10
DA:55,10
DA:56,2
DA:59,8
DA:60,8
DA:61,0
DA:65,8
DA:66,8
DA:67,1
DA:71,7
DA:72,7
DA:79,7
DA:80,7
DA:87,7
DA:88,7
DA:89,7
DA:91,7
DA:100,7
DA:102,3
DA:103,3
DA:107,4
DA:108,2
DA:109,2
DA:110,2
DA:111,0
DA:112,0
DA:115,2
DA:116,0
DA:120,0
DA:122,2
DA:123,2
DA:124,0
DA:125,0
DA:127,2
DA:129,2
DA:130,2
DA:131,0
DA:132,0
DA:136,2
DA:137,0
DA:138,0
DA:139,0
DA:145,3
DA:146,2
DA:148,2
DA:152,0
DA:153,0
DA:158,4
DA:159,3
DA:160,3
DA:161,3
DA:162,1
DA:163,1
DA:165,2
DA:166,0
DA:170,0
DA:172,2
DA:173,2
DA:174,0
DA:175,0
DA:177,2
DA:178,2
DA:179,2
DA:180,0
DA:181,0
DA:185,2
DA:186,1
DA:187,1
DA:188,1
DA:189,1
DA:195,1
DA:196,1
DA:203,1
DA:204,1
DA:211,1
DA:212,1
DA:213,1
DA:215,1
DA:225,0
DA:226,0
DA:231,4
DA:236,24
DA:237,24
DA:238,24
DA:239,0
DA:240,0
DA:242,24
DA:243,0
DA:247,0
DA:249,24
DA:250,24
DA:251,1
DA:252,1
DA:255,23
DA:256,23
DA:260,4
DA:267,4
LF:122
LH:96
BRDA:14,0,0,5
BRDA:14,1,0,55
BRDA:14,1,1,50
BRDA:21,2,0,1
BRDA:27,3,0,1
BRDA:55,4,0,2
BRDA:55,5,0,10
BRDA:55,5,1,9
BRDA:55,5,2,8
BRDA:55,5,3,8
BRDA:60,6,0,0
BRDA:66,7,0,1
BRDA:87,8,0,0
BRDA:109,9,0,2
BRDA:109,9,1,2
BRDA:110,10,0,0
BRDA:115,11,0,0
BRDA:123,12,0,0
BRDA:123,13,0,2
BRDA:123,13,1,2
BRDA:130,14,0,0
BRDA:136,15,0,0
BRDA:160,16,0,3
BRDA:160,16,1,2
BRDA:161,17,0,1
BRDA:165,18,0,0
BRDA:173,19,0,0
BRDA:173,20,0,2
BRDA:173,20,1,2
BRDA:179,21,0,0
BRDA:185,22,0,1
BRDA:237,23,0,24
BRDA:237,23,1,24
BRDA:238,24,0,0
BRDA:242,25,0,0
BRDA:250,26,0,1
BRDA:250,27,0,24
BRDA:250,27,1,23
BRF:38
BRH:26
end_of_record
TN:
SF:src\controllers\base_controller.ts
FN:5,(anonymous_7)
FN:8,(anonymous_8)
FN:16,(anonymous_10)
FN:25,(anonymous_12)
FN:39,(anonymous_14)
FN:56,(anonymous_16)
FNF:6
FNH:6
FNDA:8,(anonymous_7)
FNDA:10,(anonymous_8)
FNDA:1,(anonymous_10)
FNDA:4,(anonymous_12)
FNDA:2,(anonymous_14)
FNDA:2,(anonymous_16)
DA:6,8
DA:9,10
DA:10,10
DA:11,10
DA:13,0
DA:17,1
DA:18,1
DA:19,1
DA:21,0
DA:26,4
DA:27,4
DA:28,4
DA:29,4
DA:30,2
DA:34,2
DA:36,0
DA:40,2
DA:41,2
DA:42,2
DA:45,2
DA:51,2
DA:53,0
DA:57,2
DA:58,2
DA:59,2
DA:60,2
DA:61,0
DA:65,2
DA:67,0
DA:72,4
LF:30
LH:24
BRDA:29,0,0,2
BRDA:60,1,0,0
BRF:2
BRH:1
end_of_record
TN:
SF:src\controllers\comments_controller.ts
FN:8,(anonymous_8)
FN:12,(anonymous_9)
FN:37,(anonymous_12)
FN:55,(anonymous_15)
FN:89,(anonymous_18)
FNF:5
FNH:5
FNDA:4,(anonymous_8)
FNDA:5,(anonymous_9)
FNDA:3,(anonymous_12)
FNDA:1,(anonymous_15)
FNDA:2,(anonymous_18)
DA:1,4
DA:2,4
DA:5,4
DA:9,4
DA:13,5
DA:14,5
DA:16,5
DA:18,5
DA:19,5
DA:20,1
DA:25,4
DA:26,4
DA:27,1
DA:30,3
DA:31,3
DA:33,1
DA:38,3
DA:39,3
DA:43,3
DA:45,2
DA:46,2
DA:49,1
DA:51,0
DA:56,1
DA:57,1
DA:61,1
DA:62,1
DA:64,1
DA:65,0
DA:71,1
DA:72,0
DA:78,1
DA:80,1
DA:81,0
DA:84,1
DA:86,0
DA:90,2
DA:91,2
DA:95,2
DA:96,2
DA:98,2
DA:99,1
DA:105,1
DA:106,0
DA:112,1
DA:114,0
DA:118,4
LF:47
LH:40
BRDA:19,0,0,1
BRDA:26,1,0,1
BRDA:26,2,0,4
BRDA:26,2,1,3
BRDA:39,3,0,2
BRDA:39,3,1,1
BRDA:43,4,0,2
BRDA:64,5,0,0
BRDA:71,6,0,0
BRDA:80,7,0,0
BRDA:80,8,0,1
BRDA:80,8,1,1
BRDA:98,9,0,1
BRDA:105,10,0,0
BRF:14
BRH:10
end_of_record
TN:
SF:src\controllers\posts_controller.ts
FN:7,(anonymous_8)
FN:10,(anonymous_9)
FN:30,(anonymous_12)
FN:46,(anonymous_15)
FN:83,(anonymous_18)
FNF:5
FNH:5
FNDA:4,(anonymous_8)
FNDA:9,(anonymous_9)
FNDA:3,(anonymous_12)
FNDA:2,(anonymous_15)
FNDA:2,(anonymous_18)
DA:2,4
DA:3,4
DA:5,4
DA:8,4
DA:11,9
DA:12,9
DA:14,9
DA:16,9
DA:17,1
DA:20,8
DA:21,1
DA:24,7
DA:25,7
DA:27,2
DA:31,3
DA:32,3
DA:34,3
DA:35,3
DA:36,3
DA:40,0
DA:42,0
DA:47,2
DA:48,2
DA:49,2
DA:52,2
DA:54,2
DA:55,0
DA:61,2
DA:62,1
DA:68,1
DA:70,1
DA:71,0
DA:74,1
DA:75,0
DA:78,1
DA:80,0
DA:84,2
DA:85,2
DA:86,2
DA:89,2
DA:91,2
DA:92,0
DA:98,2
DA:99,1
DA:105,1
DA:107,1
DA:109,0
DA:113,4
DA:115,4
LF:49
LH:41
BRDA:16,0,0,1
BRDA:16,1,0,9
BRDA:16,1,1,8
BRDA:20,2,0,1
BRDA:20,3,0,8
BRDA:20,3,1,7
BRDA:32,4,0,2
BRDA:32,4,1,1
BRDA:34,5,0,3
BRDA:54,6,0,0
BRDA:61,7,0,1
BRDA:70,8,0,0
BRDA:70,9,0,1
BRDA:70,9,1,1
BRDA:74,10,0,0
BRDA:74,11,0,1
BRDA:74,11,1,1
BRDA:91,12,0,0
BRDA:98,13,0,1
BRF:19
BRH:15
end_of_record
TN:
SF:src\controllers\user_controller.ts
FN:4,(anonymous_8)
FN:4,(anonymous_9)
FN:18,(anonymous_10)
FN:18,(anonymous_11)
FNF:4
FNH:4
FNDA:1,(anonymous_8)
FNDA:1,(anonymous_9)
FNDA:2,(anonymous_10)
FNDA:2,(anonymous_11)
DA:2,4
DA:4,4
DA:5,1
DA:6,1
DA:7,1
DA:8,1
DA:9,0
DA:10,0
DA:12,1
DA:14,0
DA:18,4
DA:19,2
DA:20,2
DA:21,2
DA:23,2
DA:24,0
DA:27,2
DA:28,2
DA:29,1
DA:32,1
DA:37,1
DA:39,1
DA:43,4
LF:23
LH:19
BRDA:8,0,0,0
BRDA:23,1,0,0
BRDA:23,2,0,2
BRDA:23,2,1,2
BRDA:28,3,0,1
BRDA:28,4,0,2
BRDA:28,4,1,1
BRF:7
BRH:5
end_of_record
TN:
SF:src\models\comments_model.ts
FNF:0
FNH:0
DA:1,4
DA:9,4
DA:27,4
LF:3
LH:3
BRF:0
BRH:0
end_of_record
TN:
SF:src\models\posts_model.ts
FNF:0
FNH:0
DA:1,4
DA:11,4
DA:31,4
LF:3
LH:3
BRF:0
BRH:0
end_of_record
TN:
SF:src\models\users_model.ts
FNF:0
FNH:0
DA:1,4
DA:12,4
DA:14,4
DA:48,4
LF:4
LH:4
BRF:0
BRH:0
end_of_record
TN:
SF:src\routes\auth_routes.ts
FNF:0
FNH:0
DA:1,4
DA:2,4
DA:4,4
DA:109,4
DA:155,4
DA:233,4
DA:319,4
DA:321,4
LF:8
LH:8
BRF:0
BRH:0
end_of_record
TN:
SF:src\routes\comments_routes.ts
FN:126,(anonymous_1)
FN:174,(anonymous_2)
FN:232,(anonymous_3)
FN:327,(anonymous_4)
FN:418,(anonymous_5)
FNF:5
FNH:5
FNDA:5,(anonymous_1)
FNDA:3,(anonymous_2)
FNDA:1,(anonymous_3)
FNDA:1,(anonymous_4)
FNDA:2,(anonymous_5)
DA:1,4
DA:2,4
DA:3,4
DA:4,4
DA:123,4
DA:127,5
DA:174,4
DA:175,3
DA:232,4
DA:233,1
DA:324,4
DA:328,1
DA:415,4
DA:419,2
DA:423,4
LF:15
LH:15
BRF:0
BRH:0
end_of_record
TN:
SF:src\routes\posts_routes.ts
FN:125,(anonymous_1)
FN:177,(anonymous_2)
FN:235,(anonymous_3)
FN:330,(anonymous_4)
FN:421,(anonymous_5)
FNF:5
FNH:5
FNDA:9,(anonymous_1)
FNDA:3,(anonymous_2)
FNDA:3,(anonymous_3)
FNDA:2,(anonymous_4)
FNDA:2,(anonymous_5)
DA:1,4
DA:2,4
DA:3,4
DA:5,4
DA:122,4
DA:126,9
DA:177,4
DA:178,3
DA:235,4
DA:236,3
DA:327,4
DA:331,2
DA:418,4
DA:422,2
DA:426,4
LF:15
LH:15
BRF:0
BRH:0
end_of_record
TN:
SF:src\routes\users_routes.ts
FNF:0
FNH:0
DA:1,4
DA:2,4
DA:3,4
DA:5,4
DA:98,4
DA:174,4
DA:180,4
LF:7
LH:7
BRF:0
BRH:0
end_of_record
